DEBUG main org.apache.ibatis.logging.LogFactory - Logging initialized using 'class org.apache.ibatis.logging.slf4j.Slf4jImpl' adapter.
DEBUG main org.apache.ibatis.datasource.pooled.PooledDataSource - PooledDataSource forcefully closed/removed all connections.
DEBUG main org.apache.ibatis.datasource.pooled.PooledDataSource - PooledDataSource forcefully closed/removed all connections.
DEBUG main org.apache.ibatis.datasource.pooled.PooledDataSource - PooledDataSource forcefully closed/removed all connections.
DEBUG main org.apache.ibatis.datasource.pooled.PooledDataSource - PooledDataSource forcefully closed/removed all connections.
DEBUG main org.apache.ibatis.logging.LogFactory - Logging initialized using 'class org.apache.ibatis.logging.slf4j.Slf4jImpl' adapter.
DEBUG main org.apache.ibatis.datasource.pooled.PooledDataSource - PooledDataSource forcefully closed/removed all connections.
DEBUG main org.apache.ibatis.datasource.pooled.PooledDataSource - PooledDataSource forcefully closed/removed all connections.
DEBUG main org.apache.ibatis.datasource.pooled.PooledDataSource - PooledDataSource forcefully closed/removed all connections.
DEBUG main org.apache.ibatis.datasource.pooled.PooledDataSource - PooledDataSource forcefully closed/removed all connections.
DEBUG main org.apache.ibatis.transaction.jdbc.JdbcTransaction - Opening JDBC Connection
DEBUG main org.apache.ibatis.datasource.pooled.PooledDataSource - Created connection 384515747.
DEBUG main org.apache.ibatis.transaction.jdbc.JdbcTransaction - Setting autocommit to false on JDBC Connection [com.mysql.cj.jdbc.ConnectionImpl@16eb3ea3]
DEBUG main com.jl.dao.IAccount.findAll - ==>  Preparing: select * from account 
DEBUG main com.jl.dao.IAccount.findAll - ==> Parameters: 
DEBUG main com.jl.dao.IAccount.findAll - <==      Total: 4
DEBUG main org.apache.ibatis.transaction.jdbc.JdbcTransaction - Resetting autocommit to true on JDBC Connection [com.mysql.cj.jdbc.ConnectionImpl@16eb3ea3]
DEBUG main org.apache.ibatis.transaction.jdbc.JdbcTransaction - Closing JDBC Connection [com.mysql.cj.jdbc.ConnectionImpl@16eb3ea3]
DEBUG main org.apache.ibatis.datasource.pooled.PooledDataSource - Returned connection 384515747 to pool.
INFO main AccountTest - 关流
DEBUG main org.apache.ibatis.logging.LogFactory - Logging initialized using 'class org.apache.ibatis.logging.slf4j.Slf4jImpl' adapter.
DEBUG main org.apache.ibatis.datasource.pooled.PooledDataSource - PooledDataSource forcefully closed/removed all connections.
DEBUG main org.apache.ibatis.datasource.pooled.PooledDataSource - PooledDataSource forcefully closed/removed all connections.
DEBUG main org.apache.ibatis.datasource.pooled.PooledDataSource - PooledDataSource forcefully closed/removed all connections.
DEBUG main org.apache.ibatis.datasource.pooled.PooledDataSource - PooledDataSource forcefully closed/removed all connections.
DEBUG main org.apache.ibatis.transaction.jdbc.JdbcTransaction - Opening JDBC Connection
DEBUG main org.apache.ibatis.datasource.pooled.PooledDataSource - Created connection 1401316767.
DEBUG main org.apache.ibatis.transaction.jdbc.JdbcTransaction - Setting autocommit to false on JDBC Connection [com.mysql.cj.jdbc.ConnectionImpl@5386659f]
DEBUG main com.jl.dao.IAccount.findAll - ==>  Preparing: select * from account 
DEBUG main com.jl.dao.IAccount.findAll - ==> Parameters: 
DEBUG main com.jl.dao.IUserDao.findById - ====>  Preparing: select * from user where id = ? 
DEBUG main com.jl.dao.IUserDao.findById - ====> Parameters: 4(Integer)
DEBUG main com.jl.dao.IUserDao.findById - <====      Total: 1
DEBUG main com.jl.dao.IUserDao.findById - ====>  Preparing: select * from user where id = ? 
DEBUG main com.jl.dao.IUserDao.findById - ====> Parameters: 3(Integer)
DEBUG main com.jl.dao.IUserDao.findById - <====      Total: 1
DEBUG main com.jl.dao.IUserDao.findById - ====>  Preparing: select * from user where id = ? 
DEBUG main com.jl.dao.IUserDao.findById - ====> Parameters: 2(Integer)
DEBUG main com.jl.dao.IUserDao.findById - <====      Total: 1
DEBUG main com.jl.dao.IAccount.findAll - <==      Total: 4
DEBUG main org.apache.ibatis.transaction.jdbc.JdbcTransaction - Resetting autocommit to true on JDBC Connection [com.mysql.cj.jdbc.ConnectionImpl@5386659f]
DEBUG main org.apache.ibatis.transaction.jdbc.JdbcTransaction - Closing JDBC Connection [com.mysql.cj.jdbc.ConnectionImpl@5386659f]
DEBUG main org.apache.ibatis.datasource.pooled.PooledDataSource - Returned connection 1401316767 to pool.
INFO main AccountTest - 关流
DEBUG main org.apache.ibatis.logging.LogFactory - Logging initialized using 'class org.apache.ibatis.logging.slf4j.Slf4jImpl' adapter.
DEBUG main org.apache.ibatis.datasource.pooled.PooledDataSource - PooledDataSource forcefully closed/removed all connections.
DEBUG main org.apache.ibatis.datasource.pooled.PooledDataSource - PooledDataSource forcefully closed/removed all connections.
DEBUG main org.apache.ibatis.datasource.pooled.PooledDataSource - PooledDataSource forcefully closed/removed all connections.
DEBUG main org.apache.ibatis.datasource.pooled.PooledDataSource - PooledDataSource forcefully closed/removed all connections.
DEBUG main org.apache.ibatis.transaction.jdbc.JdbcTransaction - Opening JDBC Connection
DEBUG main org.apache.ibatis.datasource.pooled.PooledDataSource - Created connection 335708295.
DEBUG main org.apache.ibatis.transaction.jdbc.JdbcTransaction - Setting autocommit to false on JDBC Connection [com.mysql.cj.jdbc.ConnectionImpl@14028087]
DEBUG main com.jl.dao.IAccount.findAll - ==>  Preparing: select * from account 
DEBUG main com.jl.dao.IAccount.findAll - ==> Parameters: 
DEBUG main com.jl.dao.IUserDao.findById - ====>  Preparing: select * from user where id = ? 
DEBUG main com.jl.dao.IUserDao.findById - ====> Parameters: 4(Integer)
DEBUG main com.jl.dao.IUserDao.findById - <====      Total: 1
DEBUG main com.jl.dao.IUserDao.findById - ====>  Preparing: select * from user where id = ? 
DEBUG main com.jl.dao.IUserDao.findById - ====> Parameters: 3(Integer)
DEBUG main com.jl.dao.IUserDao.findById - <====      Total: 1
DEBUG main com.jl.dao.IUserDao.findById - ====>  Preparing: select * from user where id = ? 
DEBUG main com.jl.dao.IUserDao.findById - ====> Parameters: 2(Integer)
DEBUG main com.jl.dao.IUserDao.findById - <====      Total: 1
DEBUG main com.jl.dao.IAccount.findAll - <==      Total: 4
DEBUG main org.apache.ibatis.transaction.jdbc.JdbcTransaction - Resetting autocommit to true on JDBC Connection [com.mysql.cj.jdbc.ConnectionImpl@14028087]
DEBUG main org.apache.ibatis.transaction.jdbc.JdbcTransaction - Closing JDBC Connection [com.mysql.cj.jdbc.ConnectionImpl@14028087]
DEBUG main org.apache.ibatis.datasource.pooled.PooledDataSource - Returned connection 335708295 to pool.
INFO main AccountTest - 关流
DEBUG main org.apache.ibatis.logging.LogFactory - Logging initialized using 'class org.apache.ibatis.logging.slf4j.Slf4jImpl' adapter.
DEBUG main org.apache.ibatis.datasource.pooled.PooledDataSource - PooledDataSource forcefully closed/removed all connections.
DEBUG main org.apache.ibatis.datasource.pooled.PooledDataSource - PooledDataSource forcefully closed/removed all connections.
DEBUG main org.apache.ibatis.datasource.pooled.PooledDataSource - PooledDataSource forcefully closed/removed all connections.
DEBUG main org.apache.ibatis.datasource.pooled.PooledDataSource - PooledDataSource forcefully closed/removed all connections.
DEBUG main org.apache.ibatis.transaction.jdbc.JdbcTransaction - Opening JDBC Connection
DEBUG main org.apache.ibatis.datasource.pooled.PooledDataSource - Created connection 335708295.
DEBUG main org.apache.ibatis.transaction.jdbc.JdbcTransaction - Setting autocommit to false on JDBC Connection [com.mysql.cj.jdbc.ConnectionImpl@14028087]
DEBUG main com.jl.dao.IAccount.findAll - ==>  Preparing: select * from account 
DEBUG main com.jl.dao.IAccount.findAll - ==> Parameters: 
DEBUG main com.jl.dao.IUserDao.findById - ====>  Preparing: select * from user where id = ? 
DEBUG main com.jl.dao.IUserDao.findById - ====> Parameters: 4(Integer)
DEBUG main com.jl.dao.IUserDao.findById - <====      Total: 1
DEBUG main com.jl.dao.IUserDao.findById - ====>  Preparing: select * from user where id = ? 
DEBUG main com.jl.dao.IUserDao.findById - ====> Parameters: 3(Integer)
DEBUG main com.jl.dao.IUserDao.findById - <====      Total: 1
DEBUG main com.jl.dao.IUserDao.findById - ====>  Preparing: select * from user where id = ? 
DEBUG main com.jl.dao.IUserDao.findById - ====> Parameters: 2(Integer)
DEBUG main com.jl.dao.IUserDao.findById - <====      Total: 1
DEBUG main com.jl.dao.IAccount.findAll - <==      Total: 4
DEBUG main org.apache.ibatis.transaction.jdbc.JdbcTransaction - Resetting autocommit to true on JDBC Connection [com.mysql.cj.jdbc.ConnectionImpl@14028087]
DEBUG main org.apache.ibatis.transaction.jdbc.JdbcTransaction - Closing JDBC Connection [com.mysql.cj.jdbc.ConnectionImpl@14028087]
DEBUG main org.apache.ibatis.datasource.pooled.PooledDataSource - Returned connection 335708295 to pool.
INFO main AccountTest - 关流
DEBUG main org.apache.ibatis.logging.LogFactory - Logging initialized using 'class org.apache.ibatis.logging.slf4j.Slf4jImpl' adapter.
DEBUG main org.apache.ibatis.datasource.pooled.PooledDataSource - PooledDataSource forcefully closed/removed all connections.
DEBUG main org.apache.ibatis.datasource.pooled.PooledDataSource - PooledDataSource forcefully closed/removed all connections.
DEBUG main org.apache.ibatis.datasource.pooled.PooledDataSource - PooledDataSource forcefully closed/removed all connections.
DEBUG main org.apache.ibatis.datasource.pooled.PooledDataSource - PooledDataSource forcefully closed/removed all connections.
DEBUG main org.apache.ibatis.transaction.jdbc.JdbcTransaction - Opening JDBC Connection
DEBUG main org.apache.ibatis.datasource.pooled.PooledDataSource - Created connection 646910062.
DEBUG main org.apache.ibatis.transaction.jdbc.JdbcTransaction - Setting autocommit to false on JDBC Connection [com.mysql.cj.jdbc.ConnectionImpl@268f106e]
DEBUG main com.jl.dao.IAccount.findAll - ==>  Preparing: select * from account 
DEBUG main com.jl.dao.IAccount.findAll - ==> Parameters: 
DEBUG main com.jl.dao.IAccount.findAll - <==      Total: 4
DEBUG main com.jl.dao.IUserDao.findById - ==>  Preparing: select * from user where id = ? 
DEBUG main com.jl.dao.IUserDao.findById - ==> Parameters: 4(Integer)
DEBUG main com.jl.dao.IUserDao.findById - <==      Total: 1
DEBUG main org.apache.ibatis.transaction.jdbc.JdbcTransaction - Resetting autocommit to true on JDBC Connection [com.mysql.cj.jdbc.ConnectionImpl@268f106e]
DEBUG main org.apache.ibatis.transaction.jdbc.JdbcTransaction - Closing JDBC Connection [com.mysql.cj.jdbc.ConnectionImpl@268f106e]
DEBUG main org.apache.ibatis.datasource.pooled.PooledDataSource - Returned connection 646910062 to pool.
INFO main AccountTest - 关流
DEBUG main org.apache.ibatis.logging.LogFactory - Logging initialized using 'class org.apache.ibatis.logging.slf4j.Slf4jImpl' adapter.
DEBUG main org.apache.ibatis.datasource.pooled.PooledDataSource - PooledDataSource forcefully closed/removed all connections.
DEBUG main org.apache.ibatis.datasource.pooled.PooledDataSource - PooledDataSource forcefully closed/removed all connections.
DEBUG main org.apache.ibatis.datasource.pooled.PooledDataSource - PooledDataSource forcefully closed/removed all connections.
DEBUG main org.apache.ibatis.datasource.pooled.PooledDataSource - PooledDataSource forcefully closed/removed all connections.
DEBUG main org.apache.ibatis.transaction.jdbc.JdbcTransaction - Opening JDBC Connection
DEBUG main org.apache.ibatis.datasource.pooled.PooledDataSource - Created connection 646910062.
DEBUG main org.apache.ibatis.transaction.jdbc.JdbcTransaction - Setting autocommit to false on JDBC Connection [com.mysql.cj.jdbc.ConnectionImpl@268f106e]
DEBUG main com.jl.dao.IAccount.findAll - ==>  Preparing: select * from account 
DEBUG main com.jl.dao.IAccount.findAll - ==> Parameters: 
DEBUG main com.jl.dao.IAccount.findAll - <==      Total: 4
DEBUG main com.jl.dao.IUserDao.findById - ==>  Preparing: select * from user where id = ? 
DEBUG main com.jl.dao.IUserDao.findById - ==> Parameters: 4(Integer)
DEBUG main com.jl.dao.IUserDao.findById - <==      Total: 1
DEBUG main com.jl.dao.IUserDao.findById - ==>  Preparing: select * from user where id = ? 
DEBUG main com.jl.dao.IUserDao.findById - ==> Parameters: 3(Integer)
DEBUG main com.jl.dao.IUserDao.findById - <==      Total: 1
DEBUG main com.jl.dao.IUserDao.findById - ==>  Preparing: select * from user where id = ? 
DEBUG main com.jl.dao.IUserDao.findById - ==> Parameters: 2(Integer)
DEBUG main com.jl.dao.IUserDao.findById - <==      Total: 1
DEBUG main org.apache.ibatis.transaction.jdbc.JdbcTransaction - Resetting autocommit to true on JDBC Connection [com.mysql.cj.jdbc.ConnectionImpl@268f106e]
DEBUG main org.apache.ibatis.transaction.jdbc.JdbcTransaction - Closing JDBC Connection [com.mysql.cj.jdbc.ConnectionImpl@268f106e]
DEBUG main org.apache.ibatis.datasource.pooled.PooledDataSource - Returned connection 646910062 to pool.
INFO main AccountTest - 关流
DEBUG main org.apache.ibatis.logging.LogFactory - Logging initialized using 'class org.apache.ibatis.logging.slf4j.Slf4jImpl' adapter.
DEBUG main org.apache.ibatis.datasource.pooled.PooledDataSource - PooledDataSource forcefully closed/removed all connections.
DEBUG main org.apache.ibatis.datasource.pooled.PooledDataSource - PooledDataSource forcefully closed/removed all connections.
DEBUG main org.apache.ibatis.datasource.pooled.PooledDataSource - PooledDataSource forcefully closed/removed all connections.
DEBUG main org.apache.ibatis.datasource.pooled.PooledDataSource - PooledDataSource forcefully closed/removed all connections.
DEBUG main org.apache.ibatis.transaction.jdbc.JdbcTransaction - Opening JDBC Connection
DEBUG main org.apache.ibatis.datasource.pooled.PooledDataSource - Created connection 1855610584.
DEBUG main org.apache.ibatis.transaction.jdbc.JdbcTransaction - Setting autocommit to false on JDBC Connection [com.mysql.cj.jdbc.ConnectionImpl@6e9a5ed8]
DEBUG main com.jl.dao.IAccount.findAll - ==>  Preparing: select * from account 
DEBUG main com.jl.dao.IAccount.findAll - ==> Parameters: 
DEBUG main com.jl.dao.IAccount.findAll - <==      Total: 4
DEBUG main org.apache.ibatis.transaction.jdbc.JdbcTransaction - Resetting autocommit to true on JDBC Connection [com.mysql.cj.jdbc.ConnectionImpl@6e9a5ed8]
DEBUG main org.apache.ibatis.transaction.jdbc.JdbcTransaction - Closing JDBC Connection [com.mysql.cj.jdbc.ConnectionImpl@6e9a5ed8]
DEBUG main org.apache.ibatis.datasource.pooled.PooledDataSource - Returned connection 1855610584 to pool.
INFO main AccountTest - 关流
DEBUG main org.apache.ibatis.logging.LogFactory - Logging initialized using 'class org.apache.ibatis.logging.slf4j.Slf4jImpl' adapter.
DEBUG main org.apache.ibatis.datasource.pooled.PooledDataSource - PooledDataSource forcefully closed/removed all connections.
DEBUG main org.apache.ibatis.datasource.pooled.PooledDataSource - PooledDataSource forcefully closed/removed all connections.
DEBUG main org.apache.ibatis.datasource.pooled.PooledDataSource - PooledDataSource forcefully closed/removed all connections.
DEBUG main org.apache.ibatis.datasource.pooled.PooledDataSource - PooledDataSource forcefully closed/removed all connections.
DEBUG main org.apache.ibatis.transaction.jdbc.JdbcTransaction - Opening JDBC Connection
DEBUG main org.apache.ibatis.datasource.pooled.PooledDataSource - Created connection 646910062.
DEBUG main org.apache.ibatis.transaction.jdbc.JdbcTransaction - Setting autocommit to false on JDBC Connection [com.mysql.cj.jdbc.ConnectionImpl@268f106e]
DEBUG main com.jl.dao.IAccount.findAll - ==>  Preparing: select * from account 
DEBUG main com.jl.dao.IAccount.findAll - ==> Parameters: 
DEBUG main com.jl.dao.IAccount.findAll - <==      Total: 4
DEBUG main org.apache.ibatis.transaction.jdbc.JdbcTransaction - Resetting autocommit to true on JDBC Connection [com.mysql.cj.jdbc.ConnectionImpl@268f106e]
DEBUG main org.apache.ibatis.transaction.jdbc.JdbcTransaction - Closing JDBC Connection [com.mysql.cj.jdbc.ConnectionImpl@268f106e]
DEBUG main org.apache.ibatis.datasource.pooled.PooledDataSource - Returned connection 646910062 to pool.
INFO main AccountTest - 关流
DEBUG main org.apache.ibatis.logging.LogFactory - Logging initialized using 'class org.apache.ibatis.logging.slf4j.Slf4jImpl' adapter.
DEBUG main org.apache.ibatis.datasource.pooled.PooledDataSource - PooledDataSource forcefully closed/removed all connections.
DEBUG main org.apache.ibatis.datasource.pooled.PooledDataSource - PooledDataSource forcefully closed/removed all connections.
DEBUG main org.apache.ibatis.datasource.pooled.PooledDataSource - PooledDataSource forcefully closed/removed all connections.
DEBUG main org.apache.ibatis.datasource.pooled.PooledDataSource - PooledDataSource forcefully closed/removed all connections.
DEBUG main org.apache.ibatis.transaction.jdbc.JdbcTransaction - Opening JDBC Connection
DEBUG main org.apache.ibatis.datasource.pooled.PooledDataSource - Created connection 646910062.
DEBUG main org.apache.ibatis.transaction.jdbc.JdbcTransaction - Setting autocommit to false on JDBC Connection [com.mysql.cj.jdbc.ConnectionImpl@268f106e]
DEBUG main com.jl.dao.IAccount.findAll - ==>  Preparing: select * from account 
DEBUG main com.jl.dao.IAccount.findAll - ==> Parameters: 
DEBUG main com.jl.dao.IAccount.findAll - <==      Total: 4
DEBUG main com.jl.dao.IUserDao.findById - ==>  Preparing: select * from user where id = ? 
DEBUG main com.jl.dao.IUserDao.findById - ==> Parameters: 4(Integer)
DEBUG main com.jl.dao.IUserDao.findById - <==      Total: 1
DEBUG main org.apache.ibatis.transaction.jdbc.JdbcTransaction - Resetting autocommit to true on JDBC Connection [com.mysql.cj.jdbc.ConnectionImpl@268f106e]
DEBUG main org.apache.ibatis.transaction.jdbc.JdbcTransaction - Closing JDBC Connection [com.mysql.cj.jdbc.ConnectionImpl@268f106e]
DEBUG main org.apache.ibatis.datasource.pooled.PooledDataSource - Returned connection 646910062 to pool.
INFO main AccountTest - 关流
DEBUG main org.apache.ibatis.logging.LogFactory - Logging initialized using 'class org.apache.ibatis.logging.slf4j.Slf4jImpl' adapter.
DEBUG main org.apache.ibatis.datasource.pooled.PooledDataSource - PooledDataSource forcefully closed/removed all connections.
DEBUG main org.apache.ibatis.datasource.pooled.PooledDataSource - PooledDataSource forcefully closed/removed all connections.
DEBUG main org.apache.ibatis.datasource.pooled.PooledDataSource - PooledDataSource forcefully closed/removed all connections.
DEBUG main org.apache.ibatis.datasource.pooled.PooledDataSource - PooledDataSource forcefully closed/removed all connections.
DEBUG main org.apache.ibatis.transaction.jdbc.JdbcTransaction - Opening JDBC Connection
DEBUG main org.apache.ibatis.datasource.pooled.PooledDataSource - Created connection 1855610584.
DEBUG main org.apache.ibatis.transaction.jdbc.JdbcTransaction - Setting autocommit to false on JDBC Connection [com.mysql.cj.jdbc.ConnectionImpl@6e9a5ed8]
DEBUG main com.jl.dao.IAccount.findAll - ==>  Preparing: select * from account 
DEBUG main com.jl.dao.IAccount.findAll - ==> Parameters: 
DEBUG main com.jl.dao.IAccount.findAll - <==      Total: 4
DEBUG main com.jl.dao.IUserDao.findAll - ==>  Preparing: -- select * from user select u.*,a.money from user u left join account a on u.id = a.uid 
DEBUG main com.jl.dao.IUserDao.findAll - ==> Parameters: 
DEBUG main com.jl.dao.IUserDao.findAll - <==      Total: 8
DEBUG main org.apache.ibatis.transaction.jdbc.JdbcTransaction - Resetting autocommit to true on JDBC Connection [com.mysql.cj.jdbc.ConnectionImpl@6e9a5ed8]
DEBUG main org.apache.ibatis.transaction.jdbc.JdbcTransaction - Closing JDBC Connection [com.mysql.cj.jdbc.ConnectionImpl@6e9a5ed8]
DEBUG main org.apache.ibatis.datasource.pooled.PooledDataSource - Returned connection 1855610584 to pool.
INFO main AccountTest - 关流
