DEBUG main org.springframework.context.support.ClassPathXmlApplicationContext - Refreshing org.springframework.context.support.ClassPathXmlApplicationContext@27a8c74e
DEBUG main org.springframework.beans.factory.xml.XmlBeanDefinitionReader - Loaded 7 bean definitions from class path resource [ioc3.xml]
DEBUG main org.springframework.beans.factory.support.DefaultListableBeanFactory - Creating shared instance of singleton bean 'person'
DEBUG main org.springframework.beans.factory.support.DefaultListableBeanFactory - Creating shared instance of singleton bean 'car'
DEBUG main org.springframework.beans.factory.support.DefaultListableBeanFactory - Creating shared instance of singleton bean 'airPlane01'
DEBUG main org.springframework.beans.factory.support.DefaultListableBeanFactory - Creating shared instance of singleton bean 'airPlaneInstanceFactory'
DEBUG main org.springframework.beans.factory.support.DefaultListableBeanFactory - Creating shared instance of singleton bean 'airPlane02'
DEBUG main org.springframework.beans.factory.support.DefaultListableBeanFactory - Creating shared instance of singleton bean 'myFactoryBean'
DEBUG main org.springframework.context.support.ClassPathXmlApplicationContext - Refreshing org.springframework.context.support.ClassPathXmlApplicationContext@63070bab
DEBUG main org.springframework.context.annotation.ClassPathBeanDefinitionScanner - Identified candidate component class: file [D:\workspace\Spring\springioc\target\classes\com\sjl\bean\Book.class]
DEBUG main org.springframework.context.annotation.ClassPathBeanDefinitionScanner - Identified candidate component class: file [D:\workspace\Spring\springioc\target\classes\com\sjl\controller\BookController.class]
DEBUG main org.springframework.context.annotation.ClassPathBeanDefinitionScanner - Identified candidate component class: file [D:\workspace\Spring\springioc\target\classes\com\sjl\dao\BookDao.class]
DEBUG main org.springframework.context.annotation.ClassPathBeanDefinitionScanner - Identified candidate component class: file [D:\workspace\Spring\springioc\target\classes\com\sjl\service\BookService.class]
DEBUG main org.springframework.beans.factory.xml.XmlBeanDefinitionReader - Loaded 8 bean definitions from class path resource [applicationContext.xml]
DEBUG main org.springframework.beans.factory.support.DefaultListableBeanFactory - Creating shared instance of singleton bean 'org.springframework.context.annotation.internalConfigurationAnnotationProcessor'
DEBUG main org.springframework.beans.factory.support.DefaultListableBeanFactory - Creating shared instance of singleton bean 'org.springframework.context.event.internalEventListenerProcessor'
DEBUG main org.springframework.beans.factory.support.DefaultListableBeanFactory - Creating shared instance of singleton bean 'org.springframework.context.event.internalEventListenerFactory'
DEBUG main org.springframework.beans.factory.support.DefaultListableBeanFactory - Creating shared instance of singleton bean 'org.springframework.context.annotation.internalAutowiredAnnotationProcessor'
DEBUG main org.springframework.beans.factory.support.DefaultListableBeanFactory - Creating shared instance of singleton bean 'book'
DEBUG main org.springframework.beans.factory.support.DefaultListableBeanFactory - Creating shared instance of singleton bean 'bookController'
DEBUG main org.springframework.beans.factory.support.DefaultListableBeanFactory - Creating shared instance of singleton bean 'bookDao'
DEBUG main org.springframework.beans.factory.support.DefaultListableBeanFactory - Creating shared instance of singleton bean 'bookService'
DEBUG main org.springframework.context.support.ClassPathXmlApplicationContext - Refreshing org.springframework.context.support.ClassPathXmlApplicationContext@27a8c74e
DEBUG main org.springframework.beans.factory.xml.XmlBeanDefinitionReader - Loaded 7 bean definitions from class path resource [ioc3.xml]
DEBUG main org.springframework.beans.factory.support.DefaultListableBeanFactory - Creating shared instance of singleton bean 'person'
DEBUG main org.springframework.beans.factory.support.DefaultListableBeanFactory - Creating shared instance of singleton bean 'car'
DEBUG main org.springframework.beans.factory.support.DefaultListableBeanFactory - Creating shared instance of singleton bean 'airPlane01'
DEBUG main org.springframework.beans.factory.support.DefaultListableBeanFactory - Creating shared instance of singleton bean 'airPlaneInstanceFactory'
DEBUG main org.springframework.beans.factory.support.DefaultListableBeanFactory - Creating shared instance of singleton bean 'airPlane02'
DEBUG main org.springframework.beans.factory.support.DefaultListableBeanFactory - Creating shared instance of singleton bean 'myFactoryBean'
DEBUG main org.springframework.context.support.ClassPathXmlApplicationContext - Refreshing org.springframework.context.support.ClassPathXmlApplicationContext@63070bab
DEBUG main org.springframework.context.annotation.ClassPathBeanDefinitionScanner - Identified candidate component class: file [D:\workspace\Spring\springioc\target\classes\com\sjl\bean\Book.class]
DEBUG main org.springframework.context.annotation.ClassPathBeanDefinitionScanner - Identified candidate component class: file [D:\workspace\Spring\springioc\target\classes\com\sjl\controller\BookController.class]
DEBUG main org.springframework.context.annotation.ClassPathBeanDefinitionScanner - Identified candidate component class: file [D:\workspace\Spring\springioc\target\classes\com\sjl\dao\BookDao.class]
DEBUG main org.springframework.context.annotation.ClassPathBeanDefinitionScanner - Identified candidate component class: file [D:\workspace\Spring\springioc\target\classes\com\sjl\service\BookService.class]
DEBUG main org.springframework.beans.factory.xml.XmlBeanDefinitionReader - Loaded 8 bean definitions from class path resource [applicationContext.xml]
DEBUG main org.springframework.beans.factory.support.DefaultListableBeanFactory - Creating shared instance of singleton bean 'org.springframework.context.annotation.internalConfigurationAnnotationProcessor'
DEBUG main org.springframework.beans.factory.support.DefaultListableBeanFactory - Creating shared instance of singleton bean 'org.springframework.context.event.internalEventListenerProcessor'
DEBUG main org.springframework.beans.factory.support.DefaultListableBeanFactory - Creating shared instance of singleton bean 'org.springframework.context.event.internalEventListenerFactory'
DEBUG main org.springframework.beans.factory.support.DefaultListableBeanFactory - Creating shared instance of singleton bean 'org.springframework.context.annotation.internalAutowiredAnnotationProcessor'
DEBUG main org.springframework.beans.factory.support.DefaultListableBeanFactory - Creating shared instance of singleton bean 'book'
DEBUG main org.springframework.beans.factory.support.DefaultListableBeanFactory - Creating shared instance of singleton bean 'bookController'
DEBUG main org.springframework.beans.factory.support.DefaultListableBeanFactory - Creating shared instance of singleton bean 'bookDao'
DEBUG main org.springframework.beans.factory.support.DefaultListableBeanFactory - Creating shared instance of singleton bean 'bookService'
DEBUG main org.springframework.context.support.ClassPathXmlApplicationContext - Refreshing org.springframework.context.support.ClassPathXmlApplicationContext@27a8c74e
DEBUG main org.springframework.beans.factory.xml.XmlBeanDefinitionReader - Loaded 7 bean definitions from class path resource [ioc3.xml]
DEBUG main org.springframework.beans.factory.support.DefaultListableBeanFactory - Creating shared instance of singleton bean 'person'
DEBUG main org.springframework.beans.factory.support.DefaultListableBeanFactory - Creating shared instance of singleton bean 'car'
DEBUG main org.springframework.beans.factory.support.DefaultListableBeanFactory - Creating shared instance of singleton bean 'airPlane01'
DEBUG main org.springframework.beans.factory.support.DefaultListableBeanFactory - Creating shared instance of singleton bean 'airPlaneInstanceFactory'
DEBUG main org.springframework.beans.factory.support.DefaultListableBeanFactory - Creating shared instance of singleton bean 'airPlane02'
DEBUG main org.springframework.beans.factory.support.DefaultListableBeanFactory - Creating shared instance of singleton bean 'myFactoryBean'
DEBUG main org.springframework.context.support.ClassPathXmlApplicationContext - Refreshing org.springframework.context.support.ClassPathXmlApplicationContext@63070bab
DEBUG main org.springframework.context.annotation.ClassPathBeanDefinitionScanner - Identified candidate component class: file [D:\workspace\Spring\springioc\target\classes\com\sjl\bean\Book.class]
DEBUG main org.springframework.context.annotation.ClassPathBeanDefinitionScanner - Identified candidate component class: file [D:\workspace\Spring\springioc\target\classes\com\sjl\controller\BookController.class]
DEBUG main org.springframework.context.annotation.ClassPathBeanDefinitionScanner - Identified candidate component class: file [D:\workspace\Spring\springioc\target\classes\com\sjl\dao\BookDao.class]
DEBUG main org.springframework.context.annotation.ClassPathBeanDefinitionScanner - Identified candidate component class: file [D:\workspace\Spring\springioc\target\classes\com\sjl\service\BookService.class]
DEBUG main org.springframework.beans.factory.xml.XmlBeanDefinitionReader - Loaded 8 bean definitions from class path resource [applicationContext.xml]
DEBUG main org.springframework.beans.factory.support.DefaultListableBeanFactory - Creating shared instance of singleton bean 'org.springframework.context.annotation.internalConfigurationAnnotationProcessor'
DEBUG main org.springframework.beans.factory.support.DefaultListableBeanFactory - Creating shared instance of singleton bean 'org.springframework.context.event.internalEventListenerProcessor'
DEBUG main org.springframework.beans.factory.support.DefaultListableBeanFactory - Creating shared instance of singleton bean 'org.springframework.context.event.internalEventListenerFactory'
DEBUG main org.springframework.beans.factory.support.DefaultListableBeanFactory - Creating shared instance of singleton bean 'org.springframework.context.annotation.internalAutowiredAnnotationProcessor'
DEBUG main org.springframework.beans.factory.support.DefaultListableBeanFactory - Creating shared instance of singleton bean 'book'
DEBUG main org.springframework.beans.factory.support.DefaultListableBeanFactory - Creating shared instance of singleton bean 'bookController'
DEBUG main org.springframework.beans.factory.support.DefaultListableBeanFactory - Creating shared instance of singleton bean 'bookService'
DEBUG main org.springframework.beans.factory.support.DefaultListableBeanFactory - Creating shared instance of singleton bean 'bookDao'
DEBUG main org.springframework.context.support.ClassPathXmlApplicationContext - Refreshing org.springframework.context.support.ClassPathXmlApplicationContext@27a8c74e
DEBUG main org.springframework.beans.factory.xml.XmlBeanDefinitionReader - Loaded 7 bean definitions from class path resource [ioc3.xml]
DEBUG main org.springframework.beans.factory.support.DefaultListableBeanFactory - Creating shared instance of singleton bean 'person'
DEBUG main org.springframework.beans.factory.support.DefaultListableBeanFactory - Creating shared instance of singleton bean 'car'
DEBUG main org.springframework.beans.factory.support.DefaultListableBeanFactory - Creating shared instance of singleton bean 'airPlane01'
DEBUG main org.springframework.beans.factory.support.DefaultListableBeanFactory - Creating shared instance of singleton bean 'airPlaneInstanceFactory'
DEBUG main org.springframework.beans.factory.support.DefaultListableBeanFactory - Creating shared instance of singleton bean 'airPlane02'
DEBUG main org.springframework.beans.factory.support.DefaultListableBeanFactory - Creating shared instance of singleton bean 'myFactoryBean'
DEBUG main org.springframework.context.support.ClassPathXmlApplicationContext - Refreshing org.springframework.context.support.ClassPathXmlApplicationContext@63070bab
DEBUG main org.springframework.context.annotation.ClassPathBeanDefinitionScanner - Identified candidate component class: file [D:\workspace\Spring\springioc\target\classes\com\sjl\bean\Book.class]
DEBUG main org.springframework.context.annotation.ClassPathBeanDefinitionScanner - Identified candidate component class: file [D:\workspace\Spring\springioc\target\classes\com\sjl\controller\BookController.class]
DEBUG main org.springframework.context.annotation.ClassPathBeanDefinitionScanner - Identified candidate component class: file [D:\workspace\Spring\springioc\target\classes\com\sjl\dao\BookDao.class]
DEBUG main org.springframework.context.annotation.ClassPathBeanDefinitionScanner - Identified candidate component class: file [D:\workspace\Spring\springioc\target\classes\com\sjl\service\BookService.class]
DEBUG main org.springframework.beans.factory.xml.XmlBeanDefinitionReader - Loaded 8 bean definitions from class path resource [applicationContext.xml]
DEBUG main org.springframework.beans.factory.support.DefaultListableBeanFactory - Creating shared instance of singleton bean 'org.springframework.context.annotation.internalConfigurationAnnotationProcessor'
DEBUG main org.springframework.beans.factory.support.DefaultListableBeanFactory - Creating shared instance of singleton bean 'org.springframework.context.event.internalEventListenerProcessor'
DEBUG main org.springframework.beans.factory.support.DefaultListableBeanFactory - Creating shared instance of singleton bean 'org.springframework.context.event.internalEventListenerFactory'
DEBUG main org.springframework.beans.factory.support.DefaultListableBeanFactory - Creating shared instance of singleton bean 'org.springframework.context.annotation.internalAutowiredAnnotationProcessor'
DEBUG main org.springframework.beans.factory.support.DefaultListableBeanFactory - Creating shared instance of singleton bean 'book'
DEBUG main org.springframework.beans.factory.support.DefaultListableBeanFactory - Creating shared instance of singleton bean 'bookController'
DEBUG main org.springframework.beans.factory.support.DefaultListableBeanFactory - Creating shared instance of singleton bean 'bookService'
DEBUG main org.springframework.beans.factory.support.DefaultListableBeanFactory - Creating shared instance of singleton bean 'bookDao'
DEBUG main org.springframework.context.support.ClassPathXmlApplicationContext - Refreshing org.springframework.context.support.ClassPathXmlApplicationContext@27a8c74e
DEBUG main org.springframework.beans.factory.xml.XmlBeanDefinitionReader - Loaded 7 bean definitions from class path resource [ioc3.xml]
DEBUG main org.springframework.beans.factory.support.DefaultListableBeanFactory - Creating shared instance of singleton bean 'person'
DEBUG main org.springframework.beans.factory.support.DefaultListableBeanFactory - Creating shared instance of singleton bean 'car'
DEBUG main org.springframework.beans.factory.support.DefaultListableBeanFactory - Creating shared instance of singleton bean 'airPlane01'
DEBUG main org.springframework.beans.factory.support.DefaultListableBeanFactory - Creating shared instance of singleton bean 'airPlaneInstanceFactory'
DEBUG main org.springframework.beans.factory.support.DefaultListableBeanFactory - Creating shared instance of singleton bean 'airPlane02'
DEBUG main org.springframework.beans.factory.support.DefaultListableBeanFactory - Creating shared instance of singleton bean 'myFactoryBean'
DEBUG main org.springframework.context.support.ClassPathXmlApplicationContext - Refreshing org.springframework.context.support.ClassPathXmlApplicationContext@63070bab
DEBUG main org.springframework.context.annotation.ClassPathBeanDefinitionScanner - Identified candidate component class: file [D:\workspace\Spring\springioc\target\classes\com\sjl\bean\Book.class]
DEBUG main org.springframework.context.annotation.ClassPathBeanDefinitionScanner - Identified candidate component class: file [D:\workspace\Spring\springioc\target\classes\com\sjl\controller\BookController.class]
DEBUG main org.springframework.context.annotation.ClassPathBeanDefinitionScanner - Identified candidate component class: file [D:\workspace\Spring\springioc\target\classes\com\sjl\dao\BookDao.class]
DEBUG main org.springframework.context.annotation.ClassPathBeanDefinitionScanner - Identified candidate component class: file [D:\workspace\Spring\springioc\target\classes\com\sjl\service\BookService.class]
DEBUG main org.springframework.beans.factory.xml.XmlBeanDefinitionReader - Loaded 8 bean definitions from class path resource [applicationContext.xml]
DEBUG main org.springframework.beans.factory.support.DefaultListableBeanFactory - Creating shared instance of singleton bean 'org.springframework.context.annotation.internalConfigurationAnnotationProcessor'
DEBUG main org.springframework.beans.factory.support.DefaultListableBeanFactory - Creating shared instance of singleton bean 'org.springframework.context.event.internalEventListenerProcessor'
DEBUG main org.springframework.beans.factory.support.DefaultListableBeanFactory - Creating shared instance of singleton bean 'org.springframework.context.event.internalEventListenerFactory'
DEBUG main org.springframework.beans.factory.support.DefaultListableBeanFactory - Creating shared instance of singleton bean 'org.springframework.context.annotation.internalAutowiredAnnotationProcessor'
DEBUG main org.springframework.beans.factory.support.DefaultListableBeanFactory - Creating shared instance of singleton bean 'book'
DEBUG main org.springframework.beans.factory.support.DefaultListableBeanFactory - Creating shared instance of singleton bean 'bookController'
DEBUG main org.springframework.beans.factory.support.DefaultListableBeanFactory - Creating shared instance of singleton bean 'bookService'
DEBUG main org.springframework.beans.factory.support.DefaultListableBeanFactory - Creating shared instance of singleton bean 'bookDao'
DEBUG main org.springframework.context.support.ClassPathXmlApplicationContext - Refreshing org.springframework.context.support.ClassPathXmlApplicationContext@27a8c74e
DEBUG main org.springframework.beans.factory.xml.XmlBeanDefinitionReader - Loaded 7 bean definitions from class path resource [ioc3.xml]
DEBUG main org.springframework.beans.factory.support.DefaultListableBeanFactory - Creating shared instance of singleton bean 'person'
DEBUG main org.springframework.beans.factory.support.DefaultListableBeanFactory - Creating shared instance of singleton bean 'car'
DEBUG main org.springframework.beans.factory.support.DefaultListableBeanFactory - Creating shared instance of singleton bean 'airPlane01'
DEBUG main org.springframework.beans.factory.support.DefaultListableBeanFactory - Creating shared instance of singleton bean 'airPlaneInstanceFactory'
DEBUG main org.springframework.beans.factory.support.DefaultListableBeanFactory - Creating shared instance of singleton bean 'airPlane02'
DEBUG main org.springframework.beans.factory.support.DefaultListableBeanFactory - Creating shared instance of singleton bean 'myFactoryBean'
DEBUG main org.springframework.context.support.ClassPathXmlApplicationContext - Refreshing org.springframework.context.support.ClassPathXmlApplicationContext@68e5eea7
DEBUG main org.springframework.beans.factory.xml.XmlBeanDefinitionReader - Loaded 0 bean definitions from class path resource [applicationContext.xml]
DEBUG main org.springframework.context.support.ClassPathXmlApplicationContext - Refreshing org.springframework.context.support.ClassPathXmlApplicationContext@27a8c74e
DEBUG main org.springframework.beans.factory.xml.XmlBeanDefinitionReader - Loaded 7 bean definitions from class path resource [ioc3.xml]
DEBUG main org.springframework.beans.factory.support.DefaultListableBeanFactory - Creating shared instance of singleton bean 'person'
DEBUG main org.springframework.beans.factory.support.DefaultListableBeanFactory - Creating shared instance of singleton bean 'car'
DEBUG main org.springframework.beans.factory.support.DefaultListableBeanFactory - Creating shared instance of singleton bean 'airPlane01'
DEBUG main org.springframework.beans.factory.support.DefaultListableBeanFactory - Creating shared instance of singleton bean 'airPlaneInstanceFactory'
DEBUG main org.springframework.beans.factory.support.DefaultListableBeanFactory - Creating shared instance of singleton bean 'airPlane02'
DEBUG main org.springframework.beans.factory.support.DefaultListableBeanFactory - Creating shared instance of singleton bean 'myFactoryBean'
DEBUG main org.springframework.context.support.ClassPathXmlApplicationContext - Refreshing org.springframework.context.support.ClassPathXmlApplicationContext@63070bab
DEBUG main org.springframework.beans.factory.xml.XmlBeanDefinitionReader - Loaded 0 bean definitions from class path resource [applicationContext.xml]
DEBUG main org.springframework.context.support.ClassPathXmlApplicationContext - Refreshing org.springframework.context.support.ClassPathXmlApplicationContext@27a8c74e
DEBUG main org.springframework.beans.factory.xml.XmlBeanDefinitionReader - Loaded 7 bean definitions from class path resource [ioc3.xml]
DEBUG main org.springframework.beans.factory.support.DefaultListableBeanFactory - Creating shared instance of singleton bean 'person'
DEBUG main org.springframework.beans.factory.support.DefaultListableBeanFactory - Creating shared instance of singleton bean 'car'
DEBUG main org.springframework.beans.factory.support.DefaultListableBeanFactory - Creating shared instance of singleton bean 'airPlane01'
DEBUG main org.springframework.beans.factory.support.DefaultListableBeanFactory - Creating shared instance of singleton bean 'airPlaneInstanceFactory'
DEBUG main org.springframework.beans.factory.support.DefaultListableBeanFactory - Creating shared instance of singleton bean 'airPlane02'
DEBUG main org.springframework.beans.factory.support.DefaultListableBeanFactory - Creating shared instance of singleton bean 'myFactoryBean'
DEBUG main org.springframework.context.support.ClassPathXmlApplicationContext - Refreshing org.springframework.context.support.ClassPathXmlApplicationContext@68e5eea7
DEBUG main org.springframework.context.annotation.ClassPathBeanDefinitionScanner - Identified candidate component class: file [D:\workspace\Spring\springioc\target\classes\com\sjl\bean\Book.class]
DEBUG main org.springframework.context.annotation.ClassPathBeanDefinitionScanner - Identified candidate component class: file [D:\workspace\Spring\springioc\target\classes\com\sjl\controller\BookController.class]
DEBUG main org.springframework.context.annotation.ClassPathBeanDefinitionScanner - Identified candidate component class: file [D:\workspace\Spring\springioc\target\classes\com\sjl\dao\BookDao.class]
DEBUG main org.springframework.context.annotation.ClassPathBeanDefinitionScanner - Identified candidate component class: file [D:\workspace\Spring\springioc\target\classes\com\sjl\service\BookService.class]
DEBUG main org.springframework.beans.factory.xml.XmlBeanDefinitionReader - Loaded 8 bean definitions from class path resource [applicationContext.xml]
DEBUG main org.springframework.beans.factory.support.DefaultListableBeanFactory - Creating shared instance of singleton bean 'org.springframework.context.annotation.internalConfigurationAnnotationProcessor'
DEBUG main org.springframework.beans.factory.support.DefaultListableBeanFactory - Creating shared instance of singleton bean 'org.springframework.context.event.internalEventListenerProcessor'
DEBUG main org.springframework.beans.factory.support.DefaultListableBeanFactory - Creating shared instance of singleton bean 'org.springframework.context.event.internalEventListenerFactory'
DEBUG main org.springframework.beans.factory.support.DefaultListableBeanFactory - Creating shared instance of singleton bean 'org.springframework.context.annotation.internalAutowiredAnnotationProcessor'
DEBUG main org.springframework.beans.factory.support.DefaultListableBeanFactory - Creating shared instance of singleton bean 'book'
DEBUG main org.springframework.beans.factory.support.DefaultListableBeanFactory - Creating shared instance of singleton bean 'bookController'
DEBUG main org.springframework.beans.factory.support.DefaultListableBeanFactory - Creating shared instance of singleton bean 'bookService'
DEBUG main org.springframework.beans.factory.support.DefaultListableBeanFactory - Creating shared instance of singleton bean 'bookDao'
DEBUG main org.springframework.context.support.ClassPathXmlApplicationContext - Refreshing org.springframework.context.support.ClassPathXmlApplicationContext@27a8c74e
DEBUG main org.springframework.beans.factory.xml.XmlBeanDefinitionReader - Loaded 7 bean definitions from class path resource [ioc3.xml]
DEBUG main org.springframework.beans.factory.support.DefaultListableBeanFactory - Creating shared instance of singleton bean 'person'
DEBUG main org.springframework.beans.factory.support.DefaultListableBeanFactory - Creating shared instance of singleton bean 'car'
DEBUG main org.springframework.beans.factory.support.DefaultListableBeanFactory - Creating shared instance of singleton bean 'airPlane01'
DEBUG main org.springframework.beans.factory.support.DefaultListableBeanFactory - Creating shared instance of singleton bean 'airPlaneInstanceFactory'
DEBUG main org.springframework.beans.factory.support.DefaultListableBeanFactory - Creating shared instance of singleton bean 'airPlane02'
DEBUG main org.springframework.beans.factory.support.DefaultListableBeanFactory - Creating shared instance of singleton bean 'myFactoryBean'
DEBUG main org.springframework.context.support.ClassPathXmlApplicationContext - Refreshing org.springframework.context.support.ClassPathXmlApplicationContext@68e5eea7
DEBUG main org.springframework.context.annotation.ClassPathBeanDefinitionScanner - Identified candidate component class: file [D:\workspace\Spring\springioc\target\classes\com\sjl\bean\Book.class]
DEBUG main org.springframework.context.annotation.ClassPathBeanDefinitionScanner - Identified candidate component class: file [D:\workspace\Spring\springioc\target\classes\com\sjl\controller\BookController.class]
DEBUG main org.springframework.context.annotation.ClassPathBeanDefinitionScanner - Identified candidate component class: file [D:\workspace\Spring\springioc\target\classes\com\sjl\dao\BookDao.class]
DEBUG main org.springframework.context.annotation.ClassPathBeanDefinitionScanner - Identified candidate component class: file [D:\workspace\Spring\springioc\target\classes\com\sjl\service\BookService.class]
DEBUG main org.springframework.beans.factory.xml.XmlBeanDefinitionReader - Loaded 8 bean definitions from class path resource [applicationContext.xml]
DEBUG main org.springframework.beans.factory.support.DefaultListableBeanFactory - Creating shared instance of singleton bean 'org.springframework.context.annotation.internalConfigurationAnnotationProcessor'
DEBUG main org.springframework.beans.factory.support.DefaultListableBeanFactory - Creating shared instance of singleton bean 'org.springframework.context.event.internalEventListenerProcessor'
DEBUG main org.springframework.beans.factory.support.DefaultListableBeanFactory - Creating shared instance of singleton bean 'org.springframework.context.event.internalEventListenerFactory'
DEBUG main org.springframework.beans.factory.support.DefaultListableBeanFactory - Creating shared instance of singleton bean 'org.springframework.context.annotation.internalAutowiredAnnotationProcessor'
DEBUG main org.springframework.beans.factory.support.DefaultListableBeanFactory - Creating shared instance of singleton bean 'book'
DEBUG main org.springframework.beans.factory.support.DefaultListableBeanFactory - Creating shared instance of singleton bean 'bookController'
DEBUG main org.springframework.beans.factory.support.DefaultListableBeanFactory - Creating shared instance of singleton bean 'bookService'
DEBUG main org.springframework.beans.factory.support.DefaultListableBeanFactory - Creating shared instance of singleton bean 'bookDao'
DEBUG main org.springframework.context.support.ClassPathXmlApplicationContext - Refreshing org.springframework.context.support.ClassPathXmlApplicationContext@27a8c74e
DEBUG main org.springframework.beans.factory.xml.XmlBeanDefinitionReader - Loaded 7 bean definitions from class path resource [ioc3.xml]
DEBUG main org.springframework.beans.factory.support.DefaultListableBeanFactory - Creating shared instance of singleton bean 'person'
DEBUG main org.springframework.beans.factory.support.DefaultListableBeanFactory - Creating shared instance of singleton bean 'car'
DEBUG main org.springframework.beans.factory.support.DefaultListableBeanFactory - Creating shared instance of singleton bean 'airPlane01'
DEBUG main org.springframework.beans.factory.support.DefaultListableBeanFactory - Creating shared instance of singleton bean 'airPlaneInstanceFactory'
DEBUG main org.springframework.beans.factory.support.DefaultListableBeanFactory - Creating shared instance of singleton bean 'airPlane02'
DEBUG main org.springframework.beans.factory.support.DefaultListableBeanFactory - Creating shared instance of singleton bean 'myFactoryBean'
DEBUG main org.springframework.context.support.ClassPathXmlApplicationContext - Refreshing org.springframework.context.support.ClassPathXmlApplicationContext@68e5eea7
DEBUG main org.springframework.context.annotation.ClassPathBeanDefinitionScanner - Identified candidate component class: file [D:\workspace\Spring\springioc\target\classes\com\sjl\bean\Book.class]
DEBUG main org.springframework.context.annotation.ClassPathBeanDefinitionScanner - Identified candidate component class: file [D:\workspace\Spring\springioc\target\classes\com\sjl\controller\BookController.class]
DEBUG main org.springframework.context.annotation.ClassPathBeanDefinitionScanner - Identified candidate component class: file [D:\workspace\Spring\springioc\target\classes\com\sjl\dao\BookDao.class]
DEBUG main org.springframework.context.annotation.ClassPathBeanDefinitionScanner - Identified candidate component class: file [D:\workspace\Spring\springioc\target\classes\com\sjl\service\BookService.class]
DEBUG main org.springframework.beans.factory.xml.XmlBeanDefinitionReader - Loaded 8 bean definitions from class path resource [applicationContext.xml]
DEBUG main org.springframework.beans.factory.support.DefaultListableBeanFactory - Creating shared instance of singleton bean 'org.springframework.context.annotation.internalConfigurationAnnotationProcessor'
DEBUG main org.springframework.beans.factory.support.DefaultListableBeanFactory - Creating shared instance of singleton bean 'org.springframework.context.event.internalEventListenerProcessor'
DEBUG main org.springframework.beans.factory.support.DefaultListableBeanFactory - Creating shared instance of singleton bean 'org.springframework.context.event.internalEventListenerFactory'
DEBUG main org.springframework.beans.factory.support.DefaultListableBeanFactory - Creating shared instance of singleton bean 'org.springframework.context.annotation.internalAutowiredAnnotationProcessor'
DEBUG main org.springframework.beans.factory.support.DefaultListableBeanFactory - Creating shared instance of singleton bean 'book'
DEBUG main org.springframework.beans.factory.support.DefaultListableBeanFactory - Creating shared instance of singleton bean 'bookController'
DEBUG main org.springframework.beans.factory.support.DefaultListableBeanFactory - Creating shared instance of singleton bean 'bookService'
DEBUG main org.springframework.beans.factory.support.DefaultListableBeanFactory - Creating shared instance of singleton bean 'bookDao'
DEBUG main org.springframework.context.support.ClassPathXmlApplicationContext - Refreshing org.springframework.context.support.ClassPathXmlApplicationContext@27a8c74e
DEBUG main org.springframework.beans.factory.xml.XmlBeanDefinitionReader - Loaded 7 bean definitions from class path resource [ioc3.xml]
DEBUG main org.springframework.beans.factory.support.DefaultListableBeanFactory - Creating shared instance of singleton bean 'person'
DEBUG main org.springframework.beans.factory.support.DefaultListableBeanFactory - Creating shared instance of singleton bean 'car'
DEBUG main org.springframework.beans.factory.support.DefaultListableBeanFactory - Creating shared instance of singleton bean 'airPlane01'
DEBUG main org.springframework.beans.factory.support.DefaultListableBeanFactory - Creating shared instance of singleton bean 'airPlaneInstanceFactory'
DEBUG main org.springframework.beans.factory.support.DefaultListableBeanFactory - Creating shared instance of singleton bean 'airPlane02'
DEBUG main org.springframework.beans.factory.support.DefaultListableBeanFactory - Creating shared instance of singleton bean 'myFactoryBean'
DEBUG main org.springframework.context.support.ClassPathXmlApplicationContext - Refreshing org.springframework.context.support.ClassPathXmlApplicationContext@68e5eea7
DEBUG main org.springframework.context.annotation.ClassPathBeanDefinitionScanner - Identified candidate component class: file [D:\workspace\Spring\springioc\target\classes\com\sjl\bean\Book.class]
DEBUG main org.springframework.context.annotation.ClassPathBeanDefinitionScanner - Identified candidate component class: file [D:\workspace\Spring\springioc\target\classes\com\sjl\controller\BookController.class]
DEBUG main org.springframework.context.annotation.ClassPathBeanDefinitionScanner - Identified candidate component class: file [D:\workspace\Spring\springioc\target\classes\com\sjl\dao\BookDao.class]
DEBUG main org.springframework.context.annotation.ClassPathBeanDefinitionScanner - Identified candidate component class: file [D:\workspace\Spring\springioc\target\classes\com\sjl\service\BookService.class]
DEBUG main org.springframework.beans.factory.xml.XmlBeanDefinitionReader - Loaded 8 bean definitions from class path resource [applicationContext.xml]
DEBUG main org.springframework.beans.factory.support.DefaultListableBeanFactory - Creating shared instance of singleton bean 'org.springframework.context.annotation.internalConfigurationAnnotationProcessor'
DEBUG main org.springframework.beans.factory.support.DefaultListableBeanFactory - Creating shared instance of singleton bean 'org.springframework.context.event.internalEventListenerProcessor'
DEBUG main org.springframework.beans.factory.support.DefaultListableBeanFactory - Creating shared instance of singleton bean 'org.springframework.context.event.internalEventListenerFactory'
DEBUG main org.springframework.beans.factory.support.DefaultListableBeanFactory - Creating shared instance of singleton bean 'org.springframework.context.annotation.internalAutowiredAnnotationProcessor'
DEBUG main org.springframework.beans.factory.support.DefaultListableBeanFactory - Creating shared instance of singleton bean 'book'
DEBUG main org.springframework.beans.factory.support.DefaultListableBeanFactory - Creating shared instance of singleton bean 'vookServiceExt'
DEBUG main org.springframework.beans.factory.support.DefaultListableBeanFactory - Creating shared instance of singleton bean 'bookService'
DEBUG main org.springframework.beans.factory.support.DefaultListableBeanFactory - Creating shared instance of singleton bean 'bookDao'
DEBUG main org.springframework.context.support.ClassPathXmlApplicationContext - Refreshing org.springframework.context.support.ClassPathXmlApplicationContext@27a8c74e
DEBUG main org.springframework.beans.factory.xml.XmlBeanDefinitionReader - Loaded 7 bean definitions from class path resource [ioc3.xml]
DEBUG main org.springframework.beans.factory.support.DefaultListableBeanFactory - Creating shared instance of singleton bean 'person'
DEBUG main org.springframework.beans.factory.support.DefaultListableBeanFactory - Creating shared instance of singleton bean 'car'
DEBUG main org.springframework.beans.factory.support.DefaultListableBeanFactory - Creating shared instance of singleton bean 'airPlane01'
DEBUG main org.springframework.beans.factory.support.DefaultListableBeanFactory - Creating shared instance of singleton bean 'airPlaneInstanceFactory'
DEBUG main org.springframework.beans.factory.support.DefaultListableBeanFactory - Creating shared instance of singleton bean 'airPlane02'
DEBUG main org.springframework.beans.factory.support.DefaultListableBeanFactory - Creating shared instance of singleton bean 'myFactoryBean'
DEBUG main org.springframework.context.support.ClassPathXmlApplicationContext - Refreshing org.springframework.context.support.ClassPathXmlApplicationContext@63070bab
DEBUG main org.springframework.context.annotation.ClassPathBeanDefinitionScanner - Identified candidate component class: file [D:\workspace\Spring\springioc\target\classes\com\sjl\bean\Book.class]
DEBUG main org.springframework.context.annotation.ClassPathBeanDefinitionScanner - Identified candidate component class: file [D:\workspace\Spring\springioc\target\classes\com\sjl\controller\BookController.class]
DEBUG main org.springframework.context.annotation.ClassPathBeanDefinitionScanner - Identified candidate component class: file [D:\workspace\Spring\springioc\target\classes\com\sjl\dao\BookDao.class]
DEBUG main org.springframework.context.annotation.ClassPathBeanDefinitionScanner - Identified candidate component class: file [D:\workspace\Spring\springioc\target\classes\com\sjl\service\BookService.class]
DEBUG main org.springframework.beans.factory.xml.XmlBeanDefinitionReader - Loaded 8 bean definitions from class path resource [applicationContext.xml]
DEBUG main org.springframework.beans.factory.support.DefaultListableBeanFactory - Creating shared instance of singleton bean 'org.springframework.context.annotation.internalConfigurationAnnotationProcessor'
DEBUG main org.springframework.beans.factory.support.DefaultListableBeanFactory - Creating shared instance of singleton bean 'org.springframework.context.event.internalEventListenerProcessor'
DEBUG main org.springframework.beans.factory.support.DefaultListableBeanFactory - Creating shared instance of singleton bean 'org.springframework.context.event.internalEventListenerFactory'
DEBUG main org.springframework.beans.factory.support.DefaultListableBeanFactory - Creating shared instance of singleton bean 'org.springframework.context.annotation.internalAutowiredAnnotationProcessor'
DEBUG main org.springframework.beans.factory.support.DefaultListableBeanFactory - Creating shared instance of singleton bean 'book'
DEBUG main org.springframework.beans.factory.support.DefaultListableBeanFactory - Creating shared instance of singleton bean 'bookServiceExt'
DEBUG main org.springframework.beans.factory.support.DefaultListableBeanFactory - Creating shared instance of singleton bean 'bookService'
DEBUG main org.springframework.beans.factory.support.DefaultListableBeanFactory - Creating shared instance of singleton bean 'bookDao'
DEBUG main org.springframework.context.support.ClassPathXmlApplicationContext - Refreshing org.springframework.context.support.ClassPathXmlApplicationContext@27a8c74e
DEBUG main org.springframework.beans.factory.xml.XmlBeanDefinitionReader - Loaded 7 bean definitions from class path resource [ioc3.xml]
DEBUG main org.springframework.beans.factory.support.DefaultListableBeanFactory - Creating shared instance of singleton bean 'person'
DEBUG main org.springframework.beans.factory.support.DefaultListableBeanFactory - Creating shared instance of singleton bean 'car'
DEBUG main org.springframework.beans.factory.support.DefaultListableBeanFactory - Creating shared instance of singleton bean 'airPlane01'
DEBUG main org.springframework.beans.factory.support.DefaultListableBeanFactory - Creating shared instance of singleton bean 'airPlaneInstanceFactory'
DEBUG main org.springframework.beans.factory.support.DefaultListableBeanFactory - Creating shared instance of singleton bean 'airPlane02'
DEBUG main org.springframework.beans.factory.support.DefaultListableBeanFactory - Creating shared instance of singleton bean 'myFactoryBean'
DEBUG main org.springframework.context.support.ClassPathXmlApplicationContext - Refreshing org.springframework.context.support.ClassPathXmlApplicationContext@63070bab
DEBUG main org.springframework.context.annotation.ClassPathBeanDefinitionScanner - Identified candidate component class: file [D:\workspace\Spring\springioc\target\classes\com\sjl\bean\Book.class]
DEBUG main org.springframework.context.annotation.ClassPathBeanDefinitionScanner - Identified candidate component class: file [D:\workspace\Spring\springioc\target\classes\com\sjl\controller\BookController.class]
DEBUG main org.springframework.context.annotation.ClassPathBeanDefinitionScanner - Identified candidate component class: file [D:\workspace\Spring\springioc\target\classes\com\sjl\dao\BookDao.class]
DEBUG main org.springframework.context.annotation.ClassPathBeanDefinitionScanner - Identified candidate component class: file [D:\workspace\Spring\springioc\target\classes\com\sjl\service\BookService.class]
DEBUG main org.springframework.beans.factory.xml.XmlBeanDefinitionReader - Loaded 8 bean definitions from class path resource [applicationContext.xml]
DEBUG main org.springframework.beans.factory.support.DefaultListableBeanFactory - Creating shared instance of singleton bean 'org.springframework.context.annotation.internalConfigurationAnnotationProcessor'
DEBUG main org.springframework.beans.factory.support.DefaultListableBeanFactory - Creating shared instance of singleton bean 'org.springframework.context.event.internalEventListenerProcessor'
DEBUG main org.springframework.beans.factory.support.DefaultListableBeanFactory - Creating shared instance of singleton bean 'org.springframework.context.event.internalEventListenerFactory'
DEBUG main org.springframework.beans.factory.support.DefaultListableBeanFactory - Creating shared instance of singleton bean 'org.springframework.context.annotation.internalAutowiredAnnotationProcessor'
DEBUG main org.springframework.beans.factory.support.DefaultListableBeanFactory - Creating shared instance of singleton bean 'book'
DEBUG main org.springframework.beans.factory.support.DefaultListableBeanFactory - Creating shared instance of singleton bean 'bookControllerExt'
DEBUG main org.springframework.beans.factory.support.DefaultListableBeanFactory - Creating shared instance of singleton bean 'bookService'
DEBUG main org.springframework.beans.factory.support.DefaultListableBeanFactory - Creating shared instance of singleton bean 'bookDao'
DEBUG main org.springframework.context.support.ClassPathXmlApplicationContext - Refreshing org.springframework.context.support.ClassPathXmlApplicationContext@1f57539
DEBUG main org.springframework.beans.factory.xml.XmlBeanDefinitionReader - Loaded 7 bean definitions from class path resource [ioc3.xml]
DEBUG main org.springframework.beans.factory.support.DefaultListableBeanFactory - Creating shared instance of singleton bean 'person'
DEBUG main org.springframework.beans.factory.support.DefaultListableBeanFactory - Creating shared instance of singleton bean 'car'
DEBUG main org.springframework.beans.factory.support.DefaultListableBeanFactory - Creating shared instance of singleton bean 'airPlane01'
DEBUG main org.springframework.beans.factory.support.DefaultListableBeanFactory - Creating shared instance of singleton bean 'airPlaneInstanceFactory'
DEBUG main org.springframework.beans.factory.support.DefaultListableBeanFactory - Creating shared instance of singleton bean 'airPlane02'
DEBUG main org.springframework.beans.factory.support.DefaultListableBeanFactory - Creating shared instance of singleton bean 'myFactoryBean'
DEBUG main org.springframework.context.support.ClassPathXmlApplicationContext - Refreshing org.springframework.context.support.ClassPathXmlApplicationContext@10d68fcd
DEBUG main org.springframework.context.annotation.ClassPathBeanDefinitionScanner - Identified candidate component class: file [D:\workspace\Spring\springioc\target\classes\com\sjl\bean\Book.class]
DEBUG main org.springframework.context.annotation.ClassPathBeanDefinitionScanner - Identified candidate component class: file [D:\workspace\Spring\springioc\target\classes\com\sjl\controller\BookController.class]
DEBUG main org.springframework.context.annotation.ClassPathBeanDefinitionScanner - Identified candidate component class: file [D:\workspace\Spring\springioc\target\classes\com\sjl\dao\BookDao.class]
DEBUG main org.springframework.context.annotation.ClassPathBeanDefinitionScanner - Identified candidate component class: file [D:\workspace\Spring\springioc\target\classes\com\sjl\service\BookService.class]
DEBUG main org.springframework.beans.factory.xml.XmlBeanDefinitionReader - Loaded 8 bean definitions from class path resource [applicationContext.xml]
DEBUG main org.springframework.beans.factory.support.DefaultListableBeanFactory - Creating shared instance of singleton bean 'org.springframework.context.annotation.internalConfigurationAnnotationProcessor'
DEBUG main org.springframework.beans.factory.support.DefaultListableBeanFactory - Creating shared instance of singleton bean 'org.springframework.context.event.internalEventListenerProcessor'
DEBUG main org.springframework.beans.factory.support.DefaultListableBeanFactory - Creating shared instance of singleton bean 'org.springframework.context.event.internalEventListenerFactory'
DEBUG main org.springframework.beans.factory.support.DefaultListableBeanFactory - Creating shared instance of singleton bean 'org.springframework.context.annotation.internalAutowiredAnnotationProcessor'
DEBUG main org.springframework.beans.factory.support.DefaultListableBeanFactory - Creating shared instance of singleton bean 'book'
DEBUG main org.springframework.beans.factory.support.DefaultListableBeanFactory - Creating shared instance of singleton bean 'bookController'
DEBUG main org.springframework.beans.factory.support.DefaultListableBeanFactory - Creating shared instance of singleton bean 'bookService'
DEBUG main org.springframework.beans.factory.support.DefaultListableBeanFactory - Creating shared instance of singleton bean 'bookDao'
DEBUG main org.springframework.context.support.ClassPathXmlApplicationContext - Refreshing org.springframework.context.support.ClassPathXmlApplicationContext@2781e022
DEBUG main org.springframework.beans.factory.xml.XmlBeanDefinitionReader - Loaded 7 bean definitions from class path resource [ioc3.xml]
DEBUG main org.springframework.beans.factory.support.DefaultListableBeanFactory - Creating shared instance of singleton bean 'person'
DEBUG main org.springframework.beans.factory.support.DefaultListableBeanFactory - Creating shared instance of singleton bean 'car'
DEBUG main org.springframework.beans.factory.support.DefaultListableBeanFactory - Creating shared instance of singleton bean 'airPlane01'
DEBUG main org.springframework.beans.factory.support.DefaultListableBeanFactory - Creating shared instance of singleton bean 'airPlaneInstanceFactory'
DEBUG main org.springframework.beans.factory.support.DefaultListableBeanFactory - Creating shared instance of singleton bean 'airPlane02'
DEBUG main org.springframework.beans.factory.support.DefaultListableBeanFactory - Creating shared instance of singleton bean 'myFactoryBean'
DEBUG main org.springframework.context.support.ClassPathXmlApplicationContext - Refreshing org.springframework.context.support.ClassPathXmlApplicationContext@1ebd319f
DEBUG main org.springframework.context.annotation.ClassPathBeanDefinitionScanner - Identified candidate component class: file [D:\workspace\Spring\springioc\target\classes\com\sjl\bean\Book.class]
DEBUG main org.springframework.context.annotation.ClassPathBeanDefinitionScanner - Identified candidate component class: file [D:\workspace\Spring\springioc\target\classes\com\sjl\controller\BookController.class]
DEBUG main org.springframework.context.annotation.ClassPathBeanDefinitionScanner - Identified candidate component class: file [D:\workspace\Spring\springioc\target\classes\com\sjl\dao\BookDao.class]
DEBUG main org.springframework.context.annotation.ClassPathBeanDefinitionScanner - Identified candidate component class: file [D:\workspace\Spring\springioc\target\classes\com\sjl\service\BookService.class]
DEBUG main org.springframework.beans.factory.xml.XmlBeanDefinitionReader - Loaded 8 bean definitions from class path resource [applicationContext.xml]
DEBUG main org.springframework.beans.factory.support.DefaultListableBeanFactory - Creating shared instance of singleton bean 'org.springframework.context.annotation.internalConfigurationAnnotationProcessor'
DEBUG main org.springframework.beans.factory.support.DefaultListableBeanFactory - Creating shared instance of singleton bean 'org.springframework.context.event.internalEventListenerProcessor'
DEBUG main org.springframework.beans.factory.support.DefaultListableBeanFactory - Creating shared instance of singleton bean 'org.springframework.context.event.internalEventListenerFactory'
DEBUG main org.springframework.beans.factory.support.DefaultListableBeanFactory - Creating shared instance of singleton bean 'org.springframework.context.annotation.internalAutowiredAnnotationProcessor'
DEBUG main org.springframework.beans.factory.support.DefaultListableBeanFactory - Creating shared instance of singleton bean 'book'
DEBUG main org.springframework.beans.factory.support.DefaultListableBeanFactory - Creating shared instance of singleton bean 'bookController'
DEBUG main org.springframework.beans.factory.support.DefaultListableBeanFactory - Creating shared instance of singleton bean 'bookService'
DEBUG main org.springframework.beans.factory.support.DefaultListableBeanFactory - Creating shared instance of singleton bean 'bookDao'
DEBUG main org.springframework.context.support.ClassPathXmlApplicationContext - Refreshing org.springframework.context.support.ClassPathXmlApplicationContext@27a8c74e
DEBUG main org.springframework.context.annotation.ClassPathBeanDefinitionScanner - Identified candidate component class: file [D:\workspace\Spring\springioc\target\classes\com\sjl\bean\Book.class]
DEBUG main org.springframework.context.annotation.ClassPathBeanDefinitionScanner - Identified candidate component class: file [D:\workspace\Spring\springioc\target\classes\com\sjl\controller\BookController.class]
DEBUG main org.springframework.context.annotation.ClassPathBeanDefinitionScanner - Identified candidate component class: file [D:\workspace\Spring\springioc\target\classes\com\sjl\dao\BookDao.class]
DEBUG main org.springframework.context.annotation.ClassPathBeanDefinitionScanner - Identified candidate component class: file [D:\workspace\Spring\springioc\target\classes\com\sjl\service\BookService.class]
DEBUG main org.springframework.beans.factory.xml.XmlBeanDefinitionReader - Loaded 8 bean definitions from class path resource [applicationContext.xml]
DEBUG main org.springframework.beans.factory.support.DefaultListableBeanFactory - Creating shared instance of singleton bean 'org.springframework.context.annotation.internalConfigurationAnnotationProcessor'
DEBUG main org.springframework.beans.factory.support.DefaultListableBeanFactory - Creating shared instance of singleton bean 'org.springframework.context.event.internalEventListenerProcessor'
DEBUG main org.springframework.beans.factory.support.DefaultListableBeanFactory - Creating shared instance of singleton bean 'org.springframework.context.event.internalEventListenerFactory'
DEBUG main org.springframework.beans.factory.support.DefaultListableBeanFactory - Creating shared instance of singleton bean 'org.springframework.context.annotation.internalAutowiredAnnotationProcessor'
DEBUG main org.springframework.beans.factory.support.DefaultListableBeanFactory - Creating shared instance of singleton bean 'book'
DEBUG main org.springframework.beans.factory.support.DefaultListableBeanFactory - Creating shared instance of singleton bean 'bookController'
DEBUG main org.springframework.beans.factory.support.DefaultListableBeanFactory - Creating shared instance of singleton bean 'bookService'
DEBUG main org.springframework.beans.factory.support.DefaultListableBeanFactory - Creating shared instance of singleton bean 'bookDao'
DEBUG main org.springframework.context.support.ClassPathXmlApplicationContext - Refreshing org.springframework.context.support.ClassPathXmlApplicationContext@27a8c74e
DEBUG main org.springframework.context.annotation.ClassPathBeanDefinitionScanner - Identified candidate component class: file [D:\workspace\Spring\springioc\target\classes\com\sjl\bean\Book.class]
DEBUG main org.springframework.context.annotation.ClassPathBeanDefinitionScanner - Identified candidate component class: file [D:\workspace\Spring\springioc\target\classes\com\sjl\controller\BookController.class]
DEBUG main org.springframework.context.annotation.ClassPathBeanDefinitionScanner - Identified candidate component class: file [D:\workspace\Spring\springioc\target\classes\com\sjl\dao\BookDao.class]
DEBUG main org.springframework.context.annotation.ClassPathBeanDefinitionScanner - Identified candidate component class: file [D:\workspace\Spring\springioc\target\classes\com\sjl\service\BookService.class]
DEBUG main org.springframework.beans.factory.xml.XmlBeanDefinitionReader - Loaded 8 bean definitions from class path resource [applicationContext.xml]
DEBUG main org.springframework.beans.factory.support.DefaultListableBeanFactory - Creating shared instance of singleton bean 'org.springframework.context.annotation.internalConfigurationAnnotationProcessor'
DEBUG main org.springframework.beans.factory.support.DefaultListableBeanFactory - Creating shared instance of singleton bean 'org.springframework.context.event.internalEventListenerProcessor'
DEBUG main org.springframework.beans.factory.support.DefaultListableBeanFactory - Creating shared instance of singleton bean 'org.springframework.context.event.internalEventListenerFactory'
DEBUG main org.springframework.beans.factory.support.DefaultListableBeanFactory - Creating shared instance of singleton bean 'org.springframework.context.annotation.internalAutowiredAnnotationProcessor'
DEBUG main org.springframework.beans.factory.support.DefaultListableBeanFactory - Creating shared instance of singleton bean 'book'
DEBUG main org.springframework.beans.factory.support.DefaultListableBeanFactory - Creating shared instance of singleton bean 'bookController'
DEBUG main org.springframework.beans.factory.support.DefaultListableBeanFactory - Creating shared instance of singleton bean 'bookService'
DEBUG main org.springframework.beans.factory.support.DefaultListableBeanFactory - Creating shared instance of singleton bean 'bookDao'
DEBUG main org.springframework.context.support.ClassPathXmlApplicationContext - Refreshing org.springframework.context.support.ClassPathXmlApplicationContext@27a8c74e
DEBUG main org.springframework.context.annotation.ClassPathBeanDefinitionScanner - Identified candidate component class: file [D:\workspace\Spring\springioc\target\classes\com\sjl\bean\Book.class]
DEBUG main org.springframework.context.annotation.ClassPathBeanDefinitionScanner - Identified candidate component class: file [D:\workspace\Spring\springioc\target\classes\com\sjl\controller\BookController.class]
DEBUG main org.springframework.context.annotation.ClassPathBeanDefinitionScanner - Identified candidate component class: file [D:\workspace\Spring\springioc\target\classes\com\sjl\dao\BookDao.class]
DEBUG main org.springframework.context.annotation.ClassPathBeanDefinitionScanner - Identified candidate component class: file [D:\workspace\Spring\springioc\target\classes\com\sjl\service\BookService.class]
DEBUG main org.springframework.beans.factory.xml.XmlBeanDefinitionReader - Loaded 8 bean definitions from class path resource [applicationContext.xml]
DEBUG main org.springframework.beans.factory.support.DefaultListableBeanFactory - Creating shared instance of singleton bean 'org.springframework.context.annotation.internalConfigurationAnnotationProcessor'
DEBUG main org.springframework.beans.factory.support.DefaultListableBeanFactory - Creating shared instance of singleton bean 'org.springframework.context.event.internalEventListenerProcessor'
DEBUG main org.springframework.beans.factory.support.DefaultListableBeanFactory - Creating shared instance of singleton bean 'org.springframework.context.event.internalEventListenerFactory'
DEBUG main org.springframework.beans.factory.support.DefaultListableBeanFactory - Creating shared instance of singleton bean 'org.springframework.context.annotation.internalAutowiredAnnotationProcessor'
DEBUG main org.springframework.beans.factory.support.DefaultListableBeanFactory - Creating shared instance of singleton bean 'book'
DEBUG main org.springframework.beans.factory.support.DefaultListableBeanFactory - Creating shared instance of singleton bean 'bookController'
DEBUG main org.springframework.beans.factory.support.DefaultListableBeanFactory - Creating shared instance of singleton bean 'bookService'
DEBUG main org.springframework.beans.factory.support.DefaultListableBeanFactory - Creating shared instance of singleton bean 'bookDao'
